Build started 04/12/2016 12:45:56.
     1>Project "D:\Development\Projects\libaeon\build\vs2013\libaeon.vcxproj" on node 2 (Build target(s)).
     1>C:\Program Files (x86)\MSBuild\Microsoft.Cpp\v4.0\V120\Microsoft.CppBuild.targets(357,5): warning MSB8004: Output Directory does not end with a trailing slash.  This build instance will add the slash as it is required to allow proper evaluation of the Output Directory.
     1>ClCompile:
         C:\Program Files (x86)\Microsoft Visual Studio 12.0\VC\bin\CL.exe /c /I..\..\include /I..\..\src /ZI /nologo /W1 /WX- /Od /Oy- /D WIN32 /D _DEBUG /D _LIB /D _UNICODE /D UNICODE /Gm /EHsc /RTC1 /MDd /GS /fp:precise /Zc:wchar_t /Zc:forScope /Fo"Debug\\" /Fd"Debug\vc120.pdb" /Gd /TP /analyze- /errorReport:prompt ..\..\src\AEON\RzDocument.cpp
         RzDocument.cpp
       Lib:
         C:\Program Files (x86)\Microsoft Visual Studio 12.0\VC\bin\Lib.exe /OUT:"D:\Development\Projects\libaeon\build\vs2013\..\..\bin\libaeond.lib" /NOLOGO Debug\aeBindingHelper.obj
         Debug\aeBuilder.obj
         Debug\aeClosure.obj
         Debug\aeCodeFile.obj
         Debug\RzDocument.obj
         Debug\aeDynamicType.obj
         Debug\aeIR.obj
         Debug\AEParser.obj
         Debug\aeQualType.obj
         Debug\aeReportManager.obj
         Debug\aeSymbol.obj
         Debug\aeTokenizer.obj
         Debug\aeNodeAccessOperator.obj
         Debug\AEBaseNode.obj
         Debug\aeNodeBinaryOperator.obj
         Debug\aeNodeBlock.obj
         Debug\aeNodeBranch.obj
         Debug\AEStructNode.obj
         Debug\aeNodeEcosystem.obj
         Debug\aeNodeExpr.obj
         Debug\aeNodeFor.obj
         Debug\aeNodeFunction.obj
         Debug\aeNodeFunctionCall.obj
         Debug\aeNodeIdentifier.obj
         Debug\aeNodeLiterals.obj
         Debug\aeNodeModule.obj
         Debug\aeNodeNamespace.obj
         Debug\aeNodeNew.obj
         Debug\aeNodeReturn.obj
         Debug\aeNodeSubscript.obj
         Debug\aeNodeTernaryOperator.obj
         Debug\aeNodeUnaryOperator.obj
         Debug\aeNodeValue.obj
         Debug\aeNodeVarDecl.obj
         Debug\aeNodeWhile.obj
         Debug\AECompiler.obj
         Debug\CompileFunctions.obj
         Debug\CompileCalls.obj
         Debug\aeCompilerConv.obj
         Debug\AECompilerData.obj
         Debug\CompileExpressions.obj
         Debug\CompileStatements.obj
         Debug\AEParserData.obj
         Debug\AEByteCode.obj
         Debug\AEContext.obj
         Debug\AEFunction.obj
         Debug\AEGeneric.obj
         Debug\AEModule.obj
         Debug\AEObject.obj
         Debug\AEString.obj
         Debug\AEType.obj
         Debug\RzValue.obj
         Debug\AEValueList.obj
         Debug\ExportStd.obj
         Debug\File.obj
         Debug\FileInfo.obj
         Debug\Device.obj
         Debug\Socket.obj
         Debug\Window.obj
         Debug\AEVmStack.obj
         Debug\AEVm.obj
         Debug\AEVmThread.obj
     1>AECompilerData.obj : warning LNK4221: This object file does not define any previously undefined public symbols, so it will not be used by any link operation that consumes this library
     1>aeNodeValue.obj : warning LNK4221: This object file does not define any previously undefined public symbols, so it will not be used by any link operation that consumes this library
     1>aeNodeEcosystem.obj : warning LNK4221: This object file does not define any previously undefined public symbols, so it will not be used by any link operation that consumes this library
         libaeon.vcxproj -> D:\Development\Projects\libaeon\build\vs2013\..\..\bin\libaeond.lib
     1>Done Building Project "D:\Development\Projects\libaeon\build\vs2013\libaeon.vcxproj" (Build target(s)).

Build succeeded.

Time Elapsed 00:00:01.58
