d:\development\projects\aeon\build\vs2013\libaeon\debug\vc120.pdb
d:\development\projects\aeon\build\vs2013\libaeon\debug\vc120.idb
d:\development\projects\aeon\build\vs2013\libaeon\debug\aenodefor.obj
d:\development\projects\aeon\build\vs2013\libaeon\debug\aenodefunction.obj
d:\development\projects\aeon\build\vs2013\libaeon\debug\aenodefunctioncall.obj
d:\development\projects\aeon\build\vs2013\libaeon\debug\aenodeliterals.obj
d:\development\projects\aeon\build\vs2013\libaeon\debug\aenodemodule.obj
d:\development\projects\aeon\build\vs2013\libaeon\debug\aenodenamespace.obj
d:\development\projects\aeon\build\vs2013\libaeon\debug\aenodenew.obj
d:\development\projects\aeon\build\vs2013\libaeon\debug\aenodeidentifier.obj
d:\development\projects\aeon\build\vs2013\libaeon\debug\aenodereturn.obj
d:\development\projects\aeon\build\vs2013\libaeon\debug\aenodestatement.obj
d:\development\projects\aeon\build\vs2013\libaeon\debug\aenodesubscript.obj
d:\development\projects\aeon\build\vs2013\libaeon\debug\aenodeternaryoperator.obj
d:\development\projects\aeon\build\vs2013\libaeon\debug\aenodeunaryoperator.obj
d:\development\projects\aeon\build\vs2013\libaeon\debug\aenodevardecl.obj
d:\development\projects\aeon\build\vs2013\libaeon\debug\aenodewhile.obj
d:\development\projects\aeon\build\vs2013\libaeon\debug\aecompiler.obj
d:\development\projects\aeon\build\vs2013\libaeon\debug\aecompilercall.obj
d:\development\projects\aeon\build\vs2013\libaeon\debug\aecompilerconv.obj
d:\development\projects\aeon\build\vs2013\libaeon\debug\aecompilerexpr.obj
d:\development\projects\aeon\build\vs2013\libaeon\debug\aestdio.obj
d:\development\projects\aeon\build\vs2013\libaeon\debug\aemodule.obj
d:\development\projects\aeon\build\vs2013\libaeon\debug\aeobject.obj
d:\development\projects\aeon\build\vs2013\libaeon\debug\aeparser.obj
d:\development\projects\aeon\build\vs2013\libaeon\debug\aequaltype.obj
d:\development\projects\aeon\build\vs2013\libaeon\debug\aereportmanager.obj
d:\development\projects\aeon\build\vs2013\libaeon\debug\aesymbol.obj
d:\development\projects\aeon\build\vs2013\libaeon\debug\aethreadstate.obj
d:\development\projects\aeon\build\vs2013\libaeon\debug\aetokenizer.obj
d:\development\projects\aeon\build\vs2013\libaeon\debug\aetype.obj
d:\development\projects\aeon\build\vs2013\libaeon\debug\aevariant.obj
d:\development\projects\aeon\build\vs2013\libaeon\debug\aevm.obj
d:\development\projects\aeon\build\vs2013\libaeon\debug\aenodeaccessoperator.obj
d:\development\projects\aeon\build\vs2013\libaeon\debug\aenodebase.obj
d:\development\projects\aeon\build\vs2013\libaeon\debug\aenodebinaryoperator.obj
d:\development\projects\aeon\build\vs2013\libaeon\debug\aenodeblock.obj
d:\development\projects\aeon\build\vs2013\libaeon\debug\aenodebranch.obj
d:\development\projects\aeon\build\vs2013\libaeon\debug\aenodeclass.obj
d:\development\projects\aeon\build\vs2013\libaeon\debug\aenodeecosystem.obj
d:\development\projects\aeon\build\vs2013\libaeon\debug\aenodeenum.obj
d:\development\projects\aeon\build\vs2013\libaeon\debug\aenodeexpr.obj
d:\development\projects\aeon\build\vs2013\libaeon\debug\aebindinghelper.obj
d:\development\projects\aeon\build\vs2013\libaeon\debug\aebuilder.obj
d:\development\projects\aeon\build\vs2013\libaeon\debug\aebytecode.obj
d:\development\projects\aeon\build\vs2013\libaeon\debug\aeclosure.obj
d:\development\projects\aeon\build\vs2013\libaeon\debug\aecodefile.obj
d:\development\projects\aeon\build\vs2013\libaeon\debug\aecontext.obj
d:\development\projects\aeon\build\vs2013\libaeon\debug\aedynamictype.obj
d:\development\projects\aeon\build\vs2013\libaeon\debug\aeir.obj
d:\development\projects\aeon\build\vs2013\libaeon\debug\filereader.obj
d:\development\projects\aeon\bin\libaeond.lib
d:\development\projects\aeon\build\vs2013\libaeon\..\..\..\bin\libaeond.lib
d:\development\projects\aeon\build\vs2013\libaeon\debug\libaeon.tlog\cl.command.1.tlog
d:\development\projects\aeon\build\vs2013\libaeon\debug\libaeon.tlog\cl.read.1.tlog
d:\development\projects\aeon\build\vs2013\libaeon\debug\libaeon.tlog\cl.write.1.tlog
d:\development\projects\aeon\build\vs2013\libaeon\debug\libaeon.tlog\lib-link.read.1.tlog
d:\development\projects\aeon\build\vs2013\libaeon\debug\libaeon.tlog\lib-link.write.1.tlog
d:\development\projects\aeon\build\vs2013\libaeon\debug\libaeon.tlog\lib.command.1.tlog
